<?xml version="1.0" encoding="UTF-8" ?>
<testsuite tests="1" failures="0" name="EbeanTest" time="0.073" errors="1" skipped="0">
  <properties>
[...]
</properties>
  <testcase classname="EbeanTest" name="ebeanTest" time="0.073">
    <error message="org.postgresql.util.PSQLException: Connection to localhost:5432 refused. Check that the hostname and port are correct and that the postmaster is accepting TCP/IP connections." type="java.lang.RuntimeException">java.lang.RuntimeException: org.postgresql.util.PSQLException: Connection to localhost:5432 refused. Check that the hostname and port are correct and that the postmaster is accepting TCP/IP connections.
	at org.avaje.datasource.pool.ConnectionPool.&lt;init&gt;(ConnectionPool.java:229)
	at org.avaje.datasource.Factory.createPool(Factory.java:12)
	at com.avaje.ebeaninternal.server.core.DefaultContainer.getDataSourceFromConfig(DefaultContainer.java:307)
	at com.avaje.ebeaninternal.server.core.DefaultContainer.setDataSource(DefaultContainer.java:260)
	at com.avaje.ebeaninternal.server.core.DefaultContainer.createServer(DefaultContainer.java:100)
	at com.avaje.ebeaninternal.server.core.DefaultContainer.createServer(DefaultContainer.java:74)
	at com.avaje.ebeaninternal.server.core.DefaultContainer.createServer(DefaultContainer.java:41)
	at com.avaje.ebean.EbeanServerFactory.create(EbeanServerFactory.java:55)
	at com.avaje.ebean.Ebean$ServerManager.getWithCreate(Ebean.java:210)
	at com.avaje.ebean.Ebean$ServerManager.get(Ebean.java:197)
	at com.avaje.ebean.Ebean$ServerManager.access$200(Ebean.java:133)
	at com.avaje.ebean.Ebean.getServer(Ebean.java:260)
	at EbeanTest.ebeanTest(EbeanTest.java:19)
	at java.base/jdk.internal.reflect.NativeMethodAccessorImpl.invoke0(Native Method)
	at java.base/jdk.internal.reflect.NativeMethodAccessorImpl.invoke(NativeMethodAccessorImpl.java:62)
	at java.base/jdk.internal.reflect.DelegatingMethodAccessorImpl.invoke(DelegatingMethodAccessorImpl.java:43)
	at java.base/java.lang.reflect.Method.invoke(Method.java:564)
	at org.junit.runners.model.FrameworkMethod$1.runReflectiveCall(FrameworkMethod.java:50)
	at org.junit.internal.runners.model.ReflectiveCallable.run(ReflectiveCallable.java:12)
	at org.junit.runners.model.FrameworkMethod.invokeExplosively(FrameworkMethod.java:47)
	at org.junit.internal.runners.statements.InvokeMethod.evaluate(InvokeMethod.java:17)
	at org.junit.runners.ParentRunner.runLeaf(ParentRunner.java:325)
	at org.junit.runners.BlockJUnit4ClassRunner.runChild(BlockJUnit4ClassRunner.java:78)
	at org.junit.runners.BlockJUnit4ClassRunner.runChild(BlockJUnit4ClassRunner.java:57)
	at org.junit.runners.ParentRunner$3.run(ParentRunner.java:290)
	at org.junit.runners.ParentRunner$1.schedule(ParentRunner.java:71)
	at org.junit.runners.ParentRunner.runChildren(ParentRunner.java:288)
	at org.junit.runners.ParentRunner.access$000(ParentRunner.java:58)
	at org.junit.runners.ParentRunner$2.evaluate(ParentRunner.java:268)
	at org.junit.runners.ParentRunner.run(ParentRunner.java:363)
	at org.apache.maven.surefire.junit4.JUnit4Provider.execute(JUnit4Provider.java:252)
	at org.apache.maven.surefire.junit4.JUnit4Provider.executeTestSet(JUnit4Provider.java:141)
	at org.apache.maven.surefire.junit4.JUnit4Provider.invoke(JUnit4Provider.java:112)
	at java.base/jdk.internal.reflect.NativeMethodAccessorImpl.invoke0(Native Method)
	at java.base/jdk.internal.reflect.NativeMethodAccessorImpl.invoke(NativeMethodAccessorImpl.java:62)
	at java.base/jdk.internal.reflect.DelegatingMethodAccessorImpl.invoke(DelegatingMethodAccessorImpl.java:43)
	at java.base/java.lang.reflect.Method.invoke(Method.java:564)
	at org.apache.maven.surefire.util.ReflectionUtils.invokeMethodWithArray(ReflectionUtils.java:189)
	at org.apache.maven.surefire.booter.ProviderFactory$ProviderProxy.invoke(ProviderFactory.java:165)
	at org.apache.maven.surefire.booter.ProviderFactory.invokeProvider(ProviderFactory.java:85)
	at org.apache.maven.surefire.booter.ForkedBooter.runSuitesInProcess(ForkedBooter.java:115)
	at org.apache.maven.surefire.booter.ForkedBooter.main(ForkedBooter.java:75)
Caused by: org.postgresql.util.PSQLException: Connection to localhost:5432 refused. Check that the hostname and port are correct and that the postmaster is accepting TCP/IP connections.
	at org.postgresql.core.v3.ConnectionFactoryImpl.openConnectionImpl(ConnectionFactoryImpl.java:245)
	at org.postgresql.core.ConnectionFactory.openConnection(ConnectionFactory.java:49)
	at org.postgresql.jdbc.PgConnection.&lt;init&gt;(PgConnection.java:195)
	at org.postgresql.Driver.makeConnection(Driver.java:452)
	at org.postgresql.Driver.connect(Driver.java:254)
	at java.sql/java.sql.DriverManager.getConnection(DriverManager.java:677)
	at java.sql/java.sql.DriverManager.getConnection(DriverManager.java:189)
	at org.avaje.datasource.pool.ConnectionPool.createUnpooledConnection(ConnectionPool.java:429)
	at org.avaje.datasource.pool.ConnectionPool.createConnectionForQueue(ConnectionPool.java:662)
	at org.avaje.datasource.pool.PooledConnectionQueue.ensureMinimumConnections(PooledConnectionQueue.java:228)
	at org.avaje.datasource.pool.ConnectionPool.initialise(ConnectionPool.java:272)
	at org.avaje.datasource.pool.ConnectionPool.&lt;init&gt;(ConnectionPool.java:222)
	... 41 more
Caused by: java.net.ConnectException: Connection refused (Connection refused)
	at java.base/java.net.PlainSocketImpl.socketConnect(Native Method)
	at java.base/java.net.AbstractPlainSocketImpl.doConnect(AbstractPlainSocketImpl.java:400)
	at java.base/java.net.AbstractPlainSocketImpl.connectToAddress(AbstractPlainSocketImpl.java:243)
	at java.base/java.net.AbstractPlainSocketImpl.connect(AbstractPlainSocketImpl.java:225)
	at java.base/java.net.SocksSocketImpl.connect(SocksSocketImpl.java:402)
	at java.base/java.net.Socket.connect(Socket.java:591)
	at org.postgresql.core.PGStream.&lt;init&gt;(PGStream.java:69)
	at org.postgresql.core.v3.ConnectionFactoryImpl.openConnectionImpl(ConnectionFactoryImpl.java:156)
	... 52 more
</error>
    <system-out>2018-05-19 15:40:10,861 [main] INFO  pool.ConnectionPool - DataSourcePool [inventory] autoCommit[false] transIsolation[READ_COMMITTED] min[1] max[2]
2018-05-19 15:40:10,874 [main] ERROR pool.ConnectionPool - FATAL: DataSourcePool [inventory] is down or has network error!!!
2018-05-19 15:40:10,875 [main] INFO  pool.PooledConnectionQueue - Reseting DataSourcePool [inventory] min[1] max[2] free[0] busy[0] waiting[0] highWaterMark[0] waitCount[0] hitCount[0]
2018-05-19 15:40:10,875 [main] INFO  pool.PooledConnectionQueue - Busy Connections:

</system-out>
    <system-err>May 19, 2018 3:40:10 PM org.postgresql.core.v3.ConnectionFactoryImpl log
WARNING: ConnectException occurred while connecting to localhost:5432
java.net.ConnectException: Connection refused (Connection refused)
	at java.base/java.net.PlainSocketImpl.socketConnect(Native Method)
	at java.base/java.net.AbstractPlainSocketImpl.doConnect(AbstractPlainSocketImpl.java:400)
	at java.base/java.net.AbstractPlainSocketImpl.connectToAddress(AbstractPlainSocketImpl.java:243)
	at java.base/java.net.AbstractPlainSocketImpl.connect(AbstractPlainSocketImpl.java:225)
	at java.base/java.net.SocksSocketImpl.connect(SocksSocketImpl.java:402)
	at java.base/java.net.Socket.connect(Socket.java:591)
	at org.postgresql.core.PGStream.&lt;init&gt;(PGStream.java:69)
	at org.postgresql.core.v3.ConnectionFactoryImpl.openConnectionImpl(ConnectionFactoryImpl.java:156)
	at org.postgresql.core.ConnectionFactory.openConnection(ConnectionFactory.java:49)
	at org.postgresql.jdbc.PgConnection.&lt;init&gt;(PgConnection.java:195)
	at org.postgresql.Driver.makeConnection(Driver.java:452)
	at org.postgresql.Driver.connect(Driver.java:254)
	at java.sql/java.sql.DriverManager.getConnection(DriverManager.java:677)
	at java.sql/java.sql.DriverManager.getConnection(DriverManager.java:189)
	at org.avaje.datasource.pool.ConnectionPool.createUnpooledConnection(ConnectionPool.java:429)
	at org.avaje.datasource.pool.ConnectionPool.createConnectionForQueue(ConnectionPool.java:662)
	at org.avaje.datasource.pool.PooledConnectionQueue.ensureMinimumConnections(PooledConnectionQueue.java:228)
	at org.avaje.datasource.pool.ConnectionPool.initialise(ConnectionPool.java:272)
	at org.avaje.datasource.pool.ConnectionPool.&lt;init&gt;(ConnectionPool.java:222)
	at org.avaje.datasource.Factory.createPool(Factory.java:12)
	at com.avaje.ebeaninternal.server.core.DefaultContainer.getDataSourceFromConfig(DefaultContainer.java:307)
	at com.avaje.ebeaninternal.server.core.DefaultContainer.setDataSource(DefaultContainer.java:260)
	at com.avaje.ebeaninternal.server.core.DefaultContainer.createServer(DefaultContainer.java:100)
	at com.avaje.ebeaninternal.server.core.DefaultContainer.createServer(DefaultContainer.java:74)
	at com.avaje.ebeaninternal.server.core.DefaultContainer.createServer(DefaultContainer.java:41)
	at com.avaje.ebean.EbeanServerFactory.create(EbeanServerFactory.java:55)
	at com.avaje.ebean.Ebean$ServerManager.getWithCreate(Ebean.java:210)
	at com.avaje.ebean.Ebean$ServerManager.get(Ebean.java:197)
	at com.avaje.ebean.Ebean$ServerManager.access$200(Ebean.java:133)
	at com.avaje.ebean.Ebean.getServer(Ebean.java:260)
	at EbeanTest.ebeanTest(EbeanTest.java:19)
	at java.base/jdk.internal.reflect.NativeMethodAccessorImpl.invoke0(Native Method)
	at java.base/jdk.internal.reflect.NativeMethodAccessorImpl.invoke(NativeMethodAccessorImpl.java:62)
	at java.base/jdk.internal.reflect.DelegatingMethodAccessorImpl.invoke(DelegatingMethodAccessorImpl.java:43)
	at java.base/java.lang.reflect.Method.invoke(Method.java:564)
	at org.junit.runners.model.FrameworkMethod$1.runReflectiveCall(FrameworkMethod.java:50)
	at org.junit.internal.runners.model.ReflectiveCallable.run(ReflectiveCallable.java:12)
	at org.junit.runners.model.FrameworkMethod.invokeExplosively(FrameworkMethod.java:47)
	at org.junit.internal.runners.statements.InvokeMethod.evaluate(InvokeMethod.java:17)
	at org.junit.runners.ParentRunner.runLeaf(ParentRunner.java:325)
	at org.junit.runners.BlockJUnit4ClassRunner.runChild(BlockJUnit4ClassRunner.java:78)
	at org.junit.runners.BlockJUnit4ClassRunner.runChild(BlockJUnit4ClassRunner.java:57)
	at org.junit.runners.ParentRunner$3.run(ParentRunner.java:290)
	at org.junit.runners.ParentRunner$1.schedule(ParentRunner.java:71)
	at org.junit.runners.ParentRunner.runChildren(ParentRunner.java:288)
	at org.junit.runners.ParentRunner.access$000(ParentRunner.java:58)
	at org.junit.runners.ParentRunner$2.evaluate(ParentRunner.java:268)
	at org.junit.runners.ParentRunner.run(ParentRunner.java:363)
	at org.apache.maven.surefire.junit4.JUnit4Provider.execute(JUnit4Provider.java:252)
	at org.apache.maven.surefire.junit4.JUnit4Provider.executeTestSet(JUnit4Provider.java:141)
	at org.apache.maven.surefire.junit4.JUnit4Provider.invoke(JUnit4Provider.java:112)
	at java.base/jdk.internal.reflect.NativeMethodAccessorImpl.invoke0(Native Method)
	at java.base/jdk.internal.reflect.NativeMethodAccessorImpl.invoke(NativeMethodAccessorImpl.java:62)
	at java.base/jdk.internal.reflect.DelegatingMethodAccessorImpl.invoke(DelegatingMethodAccessorImpl.java:43)
	at java.base/java.lang.reflect.Method.invoke(Method.java:564)
	at org.apache.maven.surefire.util.ReflectionUtils.invokeMethodWithArray(ReflectionUtils.java:189)
	at org.apache.maven.surefire.booter.ProviderFactory$ProviderProxy.invoke(ProviderFactory.java:165)
	at org.apache.maven.surefire.booter.ProviderFactory.invokeProvider(ProviderFactory.java:85)
	at org.apache.maven.surefire.booter.ForkedBooter.runSuitesInProcess(ForkedBooter.java:115)
	at org.apache.maven.surefire.booter.ForkedBooter.main(ForkedBooter.java:75)

May 19, 2018 3:40:10 PM org.postgresql.Driver connect
SEVERE: Connection error: 
org.postgresql.util.PSQLException: Connection to localhost:5432 refused. Check that the hostname and port are correct and that the postmaster is accepting TCP/IP connections.
	at org.postgresql.core.v3.ConnectionFactoryImpl.openConnectionImpl(ConnectionFactoryImpl.java:245)
	at org.postgresql.core.ConnectionFactory.openConnection(ConnectionFactory.java:49)
	at org.postgresql.jdbc.PgConnection.&lt;init&gt;(PgConnection.java:195)
	at org.postgresql.Driver.makeConnection(Driver.java:452)
	at org.postgresql.Driver.connect(Driver.java:254)
	at java.sql/java.sql.DriverManager.getConnection(DriverManager.java:677)
	at java.sql/java.sql.DriverManager.getConnection(DriverManager.java:189)
	at org.avaje.datasource.pool.ConnectionPool.createUnpooledConnection(ConnectionPool.java:429)
	at org.avaje.datasource.pool.ConnectionPool.createConnectionForQueue(ConnectionPool.java:662)
	at org.avaje.datasource.pool.PooledConnectionQueue.ensureMinimumConnections(PooledConnectionQueue.java:228)
	at org.avaje.datasource.pool.ConnectionPool.initialise(ConnectionPool.java:272)
	at org.avaje.datasource.pool.ConnectionPool.&lt;init&gt;(ConnectionPool.java:222)
	at org.avaje.datasource.Factory.createPool(Factory.java:12)
	at com.avaje.ebeaninternal.server.core.DefaultContainer.getDataSourceFromConfig(DefaultContainer.java:307)
	at com.avaje.ebeaninternal.server.core.DefaultContainer.setDataSource(DefaultContainer.java:260)
	at com.avaje.ebeaninternal.server.core.DefaultContainer.createServer(DefaultContainer.java:100)
	at com.avaje.ebeaninternal.server.core.DefaultContainer.createServer(DefaultContainer.java:74)
	at com.avaje.ebeaninternal.server.core.DefaultContainer.createServer(DefaultContainer.java:41)
	at com.avaje.ebean.EbeanServerFactory.create(EbeanServerFactory.java:55)
	at com.avaje.ebean.Ebean$ServerManager.getWithCreate(Ebean.java:210)
	at com.avaje.ebean.Ebean$ServerManager.get(Ebean.java:197)
	at com.avaje.ebean.Ebean$ServerManager.access$200(Ebean.java:133)
	at com.avaje.ebean.Ebean.getServer(Ebean.java:260)
	at EbeanTest.ebeanTest(EbeanTest.java:19)
	at java.base/jdk.internal.reflect.NativeMethodAccessorImpl.invoke0(Native Method)
	at java.base/jdk.internal.reflect.NativeMethodAccessorImpl.invoke(NativeMethodAccessorImpl.java:62)
	at java.base/jdk.internal.reflect.DelegatingMethodAccessorImpl.invoke(DelegatingMethodAccessorImpl.java:43)
	at java.base/java.lang.reflect.Method.invoke(Method.java:564)
	at org.junit.runners.model.FrameworkMethod$1.runReflectiveCall(FrameworkMethod.java:50)
	at org.junit.internal.runners.model.ReflectiveCallable.run(ReflectiveCallable.java:12)
	at org.junit.runners.model.FrameworkMethod.invokeExplosively(FrameworkMethod.java:47)
	at org.junit.internal.runners.statements.InvokeMethod.evaluate(InvokeMethod.java:17)
	at org.junit.runners.ParentRunner.runLeaf(ParentRunner.java:325)
	at org.junit.runners.BlockJUnit4ClassRunner.runChild(BlockJUnit4ClassRunner.java:78)
	at org.junit.runners.BlockJUnit4ClassRunner.runChild(BlockJUnit4ClassRunner.java:57)
	at org.junit.runners.ParentRunner$3.run(ParentRunner.java:290)
	at org.junit.runners.ParentRunner$1.schedule(ParentRunner.java:71)
	at org.junit.runners.ParentRunner.runChildren(ParentRunner.java:288)
	at org.junit.runners.ParentRunner.access$000(ParentRunner.java:58)
	at org.junit.runners.ParentRunner$2.evaluate(ParentRunner.java:268)
	at org.junit.runners.ParentRunner.run(ParentRunner.java:363)
	at org.apache.maven.surefire.junit4.JUnit4Provider.execute(JUnit4Provider.java:252)
	at org.apache.maven.surefire.junit4.JUnit4Provider.executeTestSet(JUnit4Provider.java:141)
	at org.apache.maven.surefire.junit4.JUnit4Provider.invoke(JUnit4Provider.java:112)
	at java.base/jdk.internal.reflect.NativeMethodAccessorImpl.invoke0(Native Method)
	at java.base/jdk.internal.reflect.NativeMethodAccessorImpl.invoke(NativeMethodAccessorImpl.java:62)
	at java.base/jdk.internal.reflect.DelegatingMethodAccessorImpl.invoke(DelegatingMethodAccessorImpl.java:43)
	at java.base/java.lang.reflect.Method.invoke(Method.java:564)
	at org.apache.maven.surefire.util.ReflectionUtils.invokeMethodWithArray(ReflectionUtils.java:189)
	at org.apache.maven.surefire.booter.ProviderFactory$ProviderProxy.invoke(ProviderFactory.java:165)
	at org.apache.maven.surefire.booter.ProviderFactory.invokeProvider(ProviderFactory.java:85)
	at org.apache.maven.surefire.booter.ForkedBooter.runSuitesInProcess(ForkedBooter.java:115)
	at org.apache.maven.surefire.booter.ForkedBooter.main(ForkedBooter.java:75)
Caused by: java.net.ConnectException: Connection refused (Connection refused)
	at java.base/java.net.PlainSocketImpl.socketConnect(Native Method)
	at java.base/java.net.AbstractPlainSocketImpl.doConnect(AbstractPlainSocketImpl.java:400)
	at java.base/java.net.AbstractPlainSocketImpl.connectToAddress(AbstractPlainSocketImpl.java:243)
	at java.base/java.net.AbstractPlainSocketImpl.connect(AbstractPlainSocketImpl.java:225)
	at java.base/java.net.SocksSocketImpl.connect(SocksSocketImpl.java:402)
	at java.base/java.net.Socket.connect(Socket.java:591)
	at org.postgresql.core.PGStream.&lt;init&gt;(PGStream.java:69)
	at org.postgresql.core.v3.ConnectionFactoryImpl.openConnectionImpl(ConnectionFactoryImpl.java:156)
	... 52 more

</system-err>
  </testcase>
</testsuite>